2026-02-17 18:51:57,820 INFO Pipeline started.
2026-02-17 18:51:57,832 INFO Loaded data from data/raw/train.csv. Shape: (7, 8)
2026-02-17 18:51:57,837 INFO Data cleaned.
2026-02-17 18:51:57,848 INFO Labels created.
2026-02-17 18:51:57,853 INFO Saved processed datasets to data/processed/binary_dataset.csv and data/processed/multi_dataset.csv
2026-02-17 18:52:25,066 INFO Pipeline started.
2026-02-17 18:52:25,068 INFO Loaded data from data/raw/train.csv. Shape: (11, 8)
2026-02-17 18:52:25,070 INFO Data cleaned.
2026-02-17 18:52:25,073 INFO Labels created.
2026-02-17 18:52:25,077 INFO Saved processed datasets to data/processed/binary_dataset.csv and data/processed/multi_dataset.csv
2026-02-17 18:52:25,086 INFO Data split. Train shape: (8,), Val shape: (3,)
2026-02-17 18:52:25,096 INFO Evaluating baseline model...
2026-02-17 18:52:25,127 INFO Model Evaluation Completed. Accuracy: 0.3333333333333333
2026-02-17 18:52:25,129 INFO Model saved to models/baseline_model.pkl
2026-02-17 18:55:30,860 INFO Pipeline started.
2026-02-17 18:55:31,765 INFO Loaded data from data/raw/train.csv. Shape: (159571, 8)
2026-02-17 18:55:35,852 INFO Data cleaned.
2026-02-17 18:55:35,916 INFO Labels created.
2026-02-17 18:55:38,964 INFO Saved processed datasets to data/processed/binary_dataset.csv and data/processed/multi_dataset.csv
2026-02-17 18:55:39,083 INFO Data split. Train shape: (127656,), Val shape: (31915,)
2026-02-17 18:55:50,717 INFO Evaluating baseline model...
2026-02-17 18:55:54,203 INFO Model Evaluation Completed. Accuracy: 0.9367382108726304
2026-02-17 18:55:54,311 INFO Model saved to models/baseline_model.pkl
2026-02-17 18:56:30,851 INFO Pipeline started.
2026-02-17 18:56:31,806 INFO Loaded data from data/raw/train.csv. Shape: (159571, 8)
2026-02-17 18:56:35,914 INFO Data cleaned.
2026-02-17 18:56:35,998 INFO Labels created.
2026-02-17 18:56:38,816 INFO Saved processed datasets to data/processed/binary_dataset.csv and data/processed/multi_dataset.csv
2026-02-17 18:56:38,918 INFO Data split. Train shape: (127656,), Val shape: (31915,)
2026-02-17 18:56:51,157 INFO Evaluating baseline model...
2026-02-17 18:56:54,792 INFO Model Evaluation Completed. Accuracy: 0.9367382108726304
2026-02-17 18:56:54,921 INFO Model saved to models/baseline_model.pkl
2026-02-24 16:33:14,886 INFO Hierarchical Pipeline started.
2026-02-24 16:33:19,667 INFO Loaded data from data/raw/train.csv. Shape: (159571, 8)
2026-02-24 16:33:30,286 INFO Data cleaned and labeled.
2026-02-24 16:33:37,608 INFO Data split. Train shape: 127656, Val shape: 31915
2026-02-24 16:33:37,608 INFO Training GatekeeperLR...
2026-02-24 16:36:45,418 INFO Hierarchical Pipeline started.
2026-02-24 16:36:48,199 INFO Loaded data from data/raw/train.csv. Shape: (159571, 8)
2026-02-24 16:37:00,591 INFO Data cleaned and labeled.
2026-02-24 16:37:09,981 INFO Data split. Train shape: 127656, Val shape: 31915
2026-02-24 16:37:09,981 INFO Training GatekeeperLR...
2026-02-24 16:38:04,350 INFO Training FastText...
2026-02-24 16:48:12,994 INFO Training DeBERTa on 20000 samples...
2026-02-24 16:56:05,792 INFO Hierarchical Pipeline started.
2026-02-24 16:56:08,003 INFO Loaded data from data/raw/train.csv. Shape: (159571, 8)
2026-02-24 16:56:18,093 INFO Data cleaned and labeled.
2026-02-24 16:56:24,660 INFO Data split. Train shape: 127656, Val shape: 31915
2026-02-24 16:56:24,661 INFO Training DeBERTa on 20000 samples...
2026-02-24 19:38:15,592 INFO Hierarchical Pipeline started.
2026-02-24 19:38:16,787 INFO Loaded data from data/raw/train.csv. Shape: (159571, 8)
2026-02-24 19:38:20,718 INFO Data cleaned and labeled.
2026-02-24 19:38:24,238 INFO Data split. Train shape: 127656, Val shape: 31915
2026-02-24 19:38:24,238 INFO Training DeBERTa on 20000 samples...
2026-02-24 19:41:06,169 INFO Hierarchical Pipeline started.
2026-02-24 19:41:07,582 INFO Loaded data from data/raw/train.csv. Shape: (159571, 8)
2026-02-24 19:41:12,650 INFO Data cleaned and labeled.
2026-02-24 19:41:17,007 INFO Data split. Train shape: 127656, Val shape: 31915
2026-02-24 19:41:17,007 INFO Training DeBERTa on 20000 samples...
2026-02-24 19:42:44,747 INFO Hierarchical Pipeline started.
2026-02-24 19:42:45,863 INFO Loaded data from data/raw/train.csv. Shape: (159571, 8)
2026-02-24 19:42:50,969 INFO Data cleaned and labeled.
2026-02-24 19:42:55,896 INFO Data split. Train shape: 127656, Val shape: 31915
2026-02-24 19:42:55,896 INFO Training DeBERTa on 20000 samples...
2026-02-24 19:52:17,966 INFO Hierarchical Pipeline started.
2026-02-24 19:52:19,076 INFO Loaded data from data/raw/train.csv. Shape: (159571, 8)
2026-02-24 19:52:24,546 INFO Data cleaned and labeled.
2026-02-24 19:52:28,722 INFO Data split. Train shape: 127656, Val shape: 31915
2026-02-24 19:52:28,722 INFO Training DeBERTa on 20000 samples...
2026-02-28 02:18:08,726 INFO Hierarchical Pipeline started.
2026-02-28 02:18:09,834 INFO Loaded data from data/raw/train.csv. Shape: (159571, 8)
2026-02-28 02:18:13,782 INFO Data cleaned and labeled.
2026-02-28 02:18:16,807 INFO Data split. Train shape: 127656, Val shape: 31915
2026-02-28 02:18:16,807 INFO Loading GatekeeperLR...
2026-02-28 02:18:17,110 INFO Loading FastText...
2026-02-28 02:18:18,998 INFO Running pipeline on validation set...
2026-02-28 02:18:32,816 INFO Pipeline evaluation complete.
2026-03-03 21:01:50,106 INFO Hierarchical Pipeline started.
2026-03-03 21:01:51,418 INFO Loaded data from data/raw/train.csv. Shape: (159571, 8)
2026-03-03 21:01:57,251 INFO Data cleaned and labeled.
2026-03-03 21:02:01,879 INFO Data split. Train shape: 127656, Val shape: 31915
2026-03-03 21:02:01,879 INFO Loading GatekeeperLR...
2026-03-03 21:02:02,297 INFO Loading FastText...
2026-03-03 21:02:09,800 INFO Evaluating Gatekeeper individually...
2026-03-03 21:02:22,368 INFO Evaluating FastText individually...
2026-03-03 21:02:37,154 INFO Performing Error Analysis & logging subset to CSV...
2026-03-03 21:02:37,401 INFO Running binary pipeline on validation set...
2026-03-03 21:02:50,588 INFO Pipeline evaluation and Error Analysis complete. Graphics saved in 'plots/'.
2026-03-03 21:12:08,746 INFO Hierarchical Pipeline started.
2026-03-03 21:12:09,829 INFO Loaded data from data/raw/train.csv. Shape: (159571, 8)
2026-03-03 21:12:13,979 INFO Data cleaned and labeled.
2026-03-03 21:12:17,180 INFO Data split. Train shape: 127656, Val shape: 31915
2026-03-03 21:12:17,180 INFO Loading GatekeeperLR...
2026-03-03 21:12:17,473 INFO Loading FastText...
2026-03-03 21:12:22,443 INFO Evaluating Gatekeeper individually...
2026-03-03 21:12:30,586 INFO Evaluating FastText individually...
2026-03-03 21:12:43,825 INFO Performing Error Analysis & logging subset to CSV...
2026-03-03 21:12:44,035 INFO Running binary pipeline on validation set...
2026-03-03 21:20:58,262 INFO Hierarchical Pipeline started.
2026-03-03 21:20:59,325 INFO Loaded data from data/raw/train.csv. Shape: (159571, 8)
2026-03-03 21:21:03,357 INFO Data cleaned and labeled.
2026-03-03 21:21:06,314 INFO Data split. Train shape: 127656, Val shape: 31915
2026-03-03 21:21:06,314 INFO Loading GatekeeperLR...
2026-03-03 21:21:06,594 INFO Loading FastText...
2026-03-03 21:21:12,187 INFO Evaluating Gatekeeper individually...
2026-03-03 21:21:19,397 INFO Evaluating FastText individually...
2026-03-03 21:21:30,849 INFO Performing Error Analysis & logging subset to CSV...
2026-03-03 21:21:31,071 INFO Running binary pipeline on validation set...
2026-03-03 21:21:43,864 INFO Pipeline evaluation and Error Analysis complete. Graphics saved in 'plots/'.
2026-03-03 21:27:36,635 INFO Hierarchical Pipeline started.
2026-03-03 21:27:37,791 INFO Loaded data from data/raw/train.csv. Shape: (159571, 8)
2026-03-03 21:27:42,733 INFO Data cleaned and labeled.
2026-03-03 21:27:46,568 INFO Data split. Train shape: 127656, Val shape: 31915
2026-03-03 21:27:46,568 INFO Loading GatekeeperLR...
2026-03-03 21:27:46,920 INFO Loading FastText...
2026-03-03 21:27:54,057 INFO Evaluating Gatekeeper individually...
2026-03-03 21:28:04,304 INFO Evaluating FastText individually...
2026-03-03 21:28:17,191 INFO Performing Error Analysis & logging subset to CSV...
2026-03-03 21:28:17,491 INFO Running binary pipeline on validation set...
2026-03-03 21:28:47,775 INFO Hierarchical Pipeline started.
2026-03-03 21:28:48,849 INFO Loaded data from data/raw/train.csv. Shape: (159571, 8)
2026-03-03 21:28:53,229 INFO Data cleaned and labeled.
2026-03-03 21:28:56,401 INFO Data split. Train shape: 127656, Val shape: 31915
2026-03-03 21:28:56,401 INFO Loading GatekeeperLR...
2026-03-03 21:28:56,690 INFO Loading FastText...
2026-03-03 21:29:02,415 INFO Evaluating Gatekeeper individually...
2026-03-03 21:29:03,615 INFO Hierarchical Pipeline started.
2026-03-03 21:29:04,944 INFO Loaded data from data/raw/train.csv. Shape: (159571, 8)
2026-03-03 21:29:10,609 INFO Data cleaned and labeled.
2026-03-03 21:29:11,136 INFO Evaluating FastText individually...
2026-03-03 21:29:14,846 INFO Data split. Train shape: 127656, Val shape: 31915
2026-03-03 21:29:14,846 INFO Loading GatekeeperLR...
2026-03-03 21:29:15,201 INFO Loading FastText...
2026-03-03 21:29:23,290 INFO Performing Error Analysis & logging subset to CSV...
2026-03-03 21:29:23,511 INFO Running binary pipeline on validation set...
2026-03-03 21:30:24,683 INFO Hierarchical Pipeline started.
2026-03-03 21:30:25,758 INFO Loaded data from data/raw/train.csv. Shape: (159571, 8)
2026-03-03 21:30:29,802 INFO Data cleaned and labeled.
2026-03-03 21:30:32,651 INFO Data split. Train shape: 127656, Val shape: 31915
2026-03-03 21:30:32,652 INFO Loading GatekeeperLR...
2026-03-03 21:30:32,922 INFO Loading FastText...
2026-03-03 21:30:38,450 INFO Evaluating Gatekeeper individually...
2026-03-03 21:30:45,832 INFO Evaluating FastText individually...
2026-03-03 21:30:56,603 INFO Performing Error Analysis & logging subset to CSV...
2026-03-03 21:30:56,815 INFO Running binary pipeline on validation set...
2026-03-03 21:31:08,158 INFO Pipeline evaluation and Error Analysis complete. Graphics saved in 'plots/'.
2026-03-03 21:32:56,152 INFO Hierarchical Pipeline started.
2026-03-03 21:32:57,600 INFO Loaded data from data/raw/train.csv. Shape: (159571, 8)
2026-03-03 21:33:04,160 INFO Data cleaned and labeled.
2026-03-03 21:33:07,721 INFO Data split. Train shape: 127656, Val shape: 31915
2026-03-03 21:33:07,721 INFO Loading GatekeeperLR...
2026-03-03 21:33:08,055 INFO Loading FastText...
2026-03-03 21:33:13,763 INFO Evaluating Gatekeeper individually...
2026-03-03 21:33:22,249 INFO Evaluating FastText individually...
2026-03-03 21:33:34,888 INFO Performing Error Analysis & logging subset to CSV...
2026-03-03 21:33:35,136 INFO Running binary pipeline on validation set...
2026-03-03 21:33:49,294 INFO Pipeline evaluation and Error Analysis complete. Graphics saved in 'plots/'.
2026-03-03 21:43:09,168 INFO Hierarchical Pipeline started.
2026-03-03 21:43:10,325 INFO Loaded data from data/raw/train.csv. Shape: (159571, 8)
2026-03-03 21:43:14,446 INFO Data cleaned and labeled.
2026-03-03 21:43:17,549 INFO Data split. Train shape: 127656, Val shape: 31915
2026-03-03 21:43:17,549 INFO Loading GatekeeperLR...
2026-03-03 21:43:17,833 INFO Loading FastText...
2026-03-03 21:43:22,770 INFO Evaluating Gatekeeper individually...
2026-03-03 21:43:30,415 INFO Evaluating FastText individually...
2026-03-03 21:43:41,943 INFO Performing Error Analysis & logging subset to CSV...
2026-03-03 21:43:42,184 INFO Running binary pipeline on validation set...
2026-03-03 21:43:55,376 INFO Pipeline evaluation and Error Analysis complete. Graphics saved in 'plots/'.
